{"/home/gpex29/frontend-project-46/src/index.js": {"path":"/home/gpex29/frontend-project-46/src/index.js","statementMap":{"0":{"start":{"line":5,"column":16},"end":{"line":29,"column":1}},"1":{"start":{"line":6,"column":26},"end":{"line":6,"column":43}},"2":{"start":{"line":7,"column":18},"end":{"line":7,"column":40}},"3":{"start":{"line":9,"column":26},"end":{"line":9,"column":43}},"4":{"start":{"line":10,"column":18},"end":{"line":10,"column":40}},"5":{"start":{"line":12,"column":14},"end":{"line":12,"column":40}},"6":{"start":{"line":13,"column":15},"end":{"line":13,"column":38}},"7":{"start":{"line":14,"column":17},"end":{"line":27,"column":8}},"8":{"start":{"line":15,"column":17},"end":{"line":15,"column":20}},"9":{"start":{"line":16,"column":4},"end":{"line":25,"column":5}},"10":{"start":{"line":17,"column":6},"end":{"line":17,"column":53}},"11":{"start":{"line":18,"column":11},"end":{"line":25,"column":5}},"12":{"start":{"line":19,"column":6},"end":{"line":19,"column":53}},"13":{"start":{"line":20,"column":11},"end":{"line":25,"column":5}},"14":{"start":{"line":21,"column":6},"end":{"line":21,"column":53}},"15":{"start":{"line":22,"column":6},"end":{"line":22,"column":53}},"16":{"start":{"line":24,"column":6},"end":{"line":24,"column":44}},"17":{"start":{"line":26,"column":4},"end":{"line":26,"column":18}},"18":{"start":{"line":28,"column":2},"end":{"line":28,"column":25}}},"fnMap":{"0":{"name":"(anonymous_0)","decl":{"start":{"line":5,"column":16},"end":{"line":5,"column":17}},"loc":{"start":{"line":5,"column":46},"end":{"line":29,"column":1}},"line":5},"1":{"name":"(anonymous_1)","decl":{"start":{"line":14,"column":29},"end":{"line":14,"column":30}},"loc":{"start":{"line":14,"column":43},"end":{"line":27,"column":3}},"line":14}},"branchMap":{"0":{"loc":{"start":{"line":16,"column":4},"end":{"line":25,"column":5}},"type":"if","locations":[{"start":{"line":16,"column":4},"end":{"line":25,"column":5}},{"start":{"line":18,"column":11},"end":{"line":25,"column":5}}],"line":16},"1":{"loc":{"start":{"line":18,"column":11},"end":{"line":25,"column":5}},"type":"if","locations":[{"start":{"line":18,"column":11},"end":{"line":25,"column":5}},{"start":{"line":20,"column":11},"end":{"line":25,"column":5}}],"line":18},"2":{"loc":{"start":{"line":20,"column":11},"end":{"line":25,"column":5}},"type":"if","locations":[{"start":{"line":20,"column":11},"end":{"line":25,"column":5}},{"start":{"line":23,"column":11},"end":{"line":25,"column":5}}],"line":20}},"s":{"0":1,"1":1,"2":1,"3":1,"4":1,"5":1,"6":1,"7":1,"8":5,"9":5,"10":1,"11":4,"12":2,"13":2,"14":1,"15":1,"16":1,"17":5,"18":1},"f":{"0":1,"1":5},"b":{"0":[1,4],"1":[2,2],"2":[1,1]},"_coverageSchema":"1a1c01bbd47fc00a2c39e90264f33305004495a9","hash":"84f4d85c72671f763dc5d6ef4b9d68e9e2114dfc"}
,"/home/gpex29/frontend-project-46/src/helpers/parse.js": {"path":"/home/gpex29/frontend-project-46/src/helpers/parse.js","statementMap":{"0":{"start":{"line":3,"column":29},"end":{"line":3,"column":63}}},"fnMap":{"0":{"name":"(anonymous_0)","decl":{"start":{"line":3,"column":15},"end":{"line":3,"column":16}},"loc":{"start":{"line":3,"column":29},"end":{"line":3,"column":63}},"line":3}},"branchMap":{},"s":{"0":3},"f":{"0":3},"b":{},"_coverageSchema":"1a1c01bbd47fc00a2c39e90264f33305004495a9","hash":"50a11a23eca13969dc74d6233770d062c6e22e31"}
,"/home/gpex29/frontend-project-46/src/helpers/path.js": {"path":"/home/gpex29/frontend-project-46/src/helpers/path.js","statementMap":{"0":{"start":{"line":3,"column":29},"end":{"line":3,"column":66}}},"fnMap":{"0":{"name":"(anonymous_0)","decl":{"start":{"line":3,"column":15},"end":{"line":3,"column":16}},"loc":{"start":{"line":3,"column":29},"end":{"line":3,"column":66}},"line":3}},"branchMap":{},"s":{"0":2},"f":{"0":2},"b":{},"_coverageSchema":"1a1c01bbd47fc00a2c39e90264f33305004495a9","hash":"cd55b961cd33f5dd9fbbd9b0667c73b1a98d8012"}
,"/home/gpex29/frontend-project-46/src/helpers/string.js": {"path":"/home/gpex29/frontend-project-46/src/helpers/string.js","statementMap":{"0":{"start":{"line":1,"column":56},"end":{"line":1,"column":98}}},"fnMap":{"0":{"name":"(anonymous_0)","decl":{"start":{"line":1,"column":15},"end":{"line":1,"column":16}},"loc":{"start":{"line":1,"column":56},"end":{"line":1,"column":98}},"line":1}},"branchMap":{"0":{"loc":{"start":{"line":1,"column":38},"end":{"line":1,"column":50}},"type":"default-arg","locations":[{"start":{"line":1,"column":47},"end":{"line":1,"column":50}}],"line":1}},"s":{"0":8},"f":{"0":8},"b":{"0":[2]},"_coverageSchema":"1a1c01bbd47fc00a2c39e90264f33305004495a9","hash":"e1553bd0e610a06ee17ab2b82ef47dbe030858bf"}
}
