TN:
SF:src/index.js
FN:5,(anonymous_0)
FN:14,(anonymous_1)
FNF:2
FNH:2
FNDA:1,(anonymous_0)
FNDA:5,(anonymous_1)
DA:5,1
DA:6,1
DA:7,1
DA:9,1
DA:10,1
DA:12,1
DA:13,1
DA:14,1
DA:15,5
DA:16,5
DA:17,1
DA:18,4
DA:19,2
DA:20,2
DA:21,1
DA:22,1
DA:24,1
DA:26,5
DA:28,1
LF:19
LH:19
BRDA:16,0,0,1
BRDA:16,0,1,4
BRDA:18,1,0,2
BRDA:18,1,1,2
BRDA:20,2,0,1
BRDA:20,2,1,1
BRF:6
BRH:6
end_of_record
TN:
SF:src/helpers/parse.js
FN:3,(anonymous_0)
FNF:1
FNH:1
FNDA:3,(anonymous_0)
DA:3,3
LF:1
LH:1
BRF:0
BRH:0
end_of_record
TN:
SF:src/helpers/path.js
FN:3,(anonymous_0)
FNF:1
FNH:1
FNDA:2,(anonymous_0)
DA:3,2
LF:1
LH:1
BRF:0
BRH:0
end_of_record
TN:
SF:src/helpers/string.js
FN:1,(anonymous_0)
FNF:1
FNH:1
FNDA:8,(anonymous_0)
DA:1,8
LF:1
LH:1
BRDA:1,0,0,2
BRF:1
BRH:1
end_of_record
